-bash: */15: No such file or directory
[main b1156f0] Ponto de Recuperação Automático: 2025-12-27 03:00:02
 1 file changed, 14 insertions(+), 2 deletions(-)
To github.com:OliveiraAntonioFernando/Ultramed_Project.git
   c44e12e..b1156f0  main -> main
[main 2b17366] Ponto de Recuperação Automático: 2025-12-27 03:30:01
 3 files changed, 90 insertions(+), 84 deletions(-)
To github.com:OliveiraAntonioFernando/Ultramed_Project.git
   2b0e4ce..2b17366  main -> main
[main aad817d] Ponto de Recuperação Automático: 2025-12-27 04:00:01
 8 files changed, 107 insertions(+), 135 deletions(-)
 delete mode 100644 core_gestao/migrations/0002_remove_paciente_email_plano_descricao_and_more.py
 create mode 100644 core_gestao/templates/base.html
To github.com:OliveiraAntonioFernando/Ultramed_Project.git
   2b17366..aad817d  main -> main
[main 432b758] Ponto de Recuperação Automático: 2025-12-27 04:30:01
 1 file changed, 6 insertions(+)
To github.com:OliveiraAntonioFernando/Ultramed_Project.git
   aad817d..432b758  main -> main
[main 6086964] Ponto de Recuperação Automático: 2025-12-27 05:00:01
 1 file changed, 4 insertions(+)
To github.com:OliveiraAntonioFernando/Ultramed_Project.git
   432b758..6086964  main -> main
[main 6f8f221] Ponto de Recuperação Automático: 2025-12-27 05:30:01
 1 file changed, 4 insertions(+)
To github.com:OliveiraAntonioFernando/Ultramed_Project.git
   6086964..6f8f221  main -> main
[main 8824e3e] Ponto de Recuperação Automático: 2025-12-27 06:00:01
 1 file changed, 4 insertions(+)
To github.com:OliveiraAntonioFernando/Ultramed_Project.git
   6f8f221..8824e3e  main -> main
